<?xml version="1.0" encoding="UTF-8"?>
<testsuite name="com.zerodata.chat.viewmodel.ChatViewModelTest" tests="2" skipped="0" failures="0" errors="0" timestamp="2026-01-14T14:04:00" hostname="DESKTOP-S5RS7CD" time="0.148">
  <properties/>
  <testcase name="viewModel observes messages from repository" classname="com.zerodata.chat.viewmodel.ChatViewModelTest" time="0.137"/>
  <testcase name="when sendMessage is called then delegates to repository" classname="com.zerodata.chat.viewmodel.ChatViewModelTest" time="0.011"/>
  <system-out><![CDATA[]]></system-out>
  <system-err><![CDATA[]]></system-err>
</testsuite>
