<?xml version="1.0" encoding="UTF-8"?>
<testsuite name="com.zerodata.chat.viewmodel.MainViewModelTest" tests="3" skipped="0" failures="0" errors="0" timestamp="2026-01-14T14:04:01" hostname="DESKTOP-S5RS7CD" time="1.577">
  <properties/>
  <testcase name="when clearUnread is called then delegates to repository" classname="com.zerodata.chat.viewmodel.MainViewModelTest" time="1.56"/>
  <testcase name="viewModel observes allChats from repository" classname="com.zerodata.chat.viewmodel.MainViewModelTest" time="0.008"/>
  <testcase name="when createChat is called then delegates to repository" classname="com.zerodata.chat.viewmodel.MainViewModelTest" time="0.009"/>
  <system-out><![CDATA[]]></system-out>
  <system-err><![CDATA[]]></system-err>
</testsuite>
